<?xml version="1.0" encoding="UTF-8"?>
<testsuite xmlns:xsi="http://www.w3.org/2001/XMLSchema-instance" xsi:noNamespaceSchemaLocation="https://maven.apache.org/surefire/maven-surefire-plugin/xsd/surefire-test-report-3.0.xsd" version="3.0" name="org.example.array.TwoSumImplTest" time="0.036" tests="1" errors="0" skipped="0" failures="1">
  <properties>
[...]
</properties>
  <testcase name="execute" classname="org.example.array.TwoSumImplTest" time="0.021">
    <failure message="array lengths differ, expected: &lt;2&gt; but was: &lt;0&gt;" type="org.opentest4j.AssertionFailedError"><![CDATA[org.opentest4j.AssertionFailedError: array lengths differ, expected: <2> but was: <0>
	at org.junit.jupiter.api.AssertionFailureBuilder.build(AssertionFailureBuilder.java:151)
	at org.junit.jupiter.api.AssertionFailureBuilder.buildAndThrow(AssertionFailureBuilder.java:132)
	at org.junit.jupiter.api.AssertArrayEquals.assertArraysHaveSameLength(AssertArrayEquals.java:428)
	at org.junit.jupiter.api.AssertArrayEquals.assertArrayEquals(AssertArrayEquals.java:237)
	at org.junit.jupiter.api.AssertArrayEquals.assertArrayEquals(AssertArrayEquals.java:87)
	at org.junit.jupiter.api.AssertArrayEquals.assertArrayEquals(AssertArrayEquals.java:83)
	at org.junit.jupiter.api.Assertions.assertArrayEquals(Assertions.java:1281)
	at org.example.array.TwoSumImplTest.execute(TwoSumImplTest.java:20)
	at java.base/java.lang.reflect.Method.invoke(Method.java:580)
	at java.base/java.util.ArrayList.forEach(ArrayList.java:1596)
	at java.base/java.util.ArrayList.forEach(ArrayList.java:1596)
]]></failure>
  </testcase>
</testsuite>